-------------------------------------------------------------------------------
Test set: TestSuite
-------------------------------------------------------------------------------
Tests run: 2, Failures: 1, Errors: 0, Skipped: 0, Time elapsed: 0.755 sec <<< FAILURE! - in TestSuite
testFail(example.TestNg)  Time elapsed: 0.005 sec  <<< FAILURE!
java.lang.AssertionError: expected:<true> but was:<false>
	at example.TestNg.testFail(TestNg.java:27)

